2020-04-06 00:33:57.198  INFO 66462 --- [cluster-ClusterId{value='5e89ed2284e4aa03e1860026', description='null'}-fdm05-06-shard-00-01-t1f4g.mongodb.net:27017] org.mongodb.driver.connection            : Opened connection [connectionId{localValue:39, serverValue:41495}] to fdm05-06-shard-00-01-t1f4g.mongodb.net:27017
2020-04-06 00:33:58.064  INFO 66462 --- [cluster-ClusterId{value='5e89ed2284e4aa03e1860026', description='null'}-fdm05-06-shard-00-02-t1f4g.mongodb.net:27017] org.mongodb.driver.connection            : Opened connection [connectionId{localValue:40, serverValue:38553}] to fdm05-06-shard-00-02-t1f4g.mongodb.net:27017
2020-04-06 00:33:58.065  INFO 66462 --- [cluster-ClusterId{value='5e89ed2284e4aa03e1860026', description='null'}-fdm05-06-shard-00-00-t1f4g.mongodb.net:27017] org.mongodb.driver.connection            : Opened connection [connectionId{localValue:41, serverValue:34840}] to fdm05-06-shard-00-00-t1f4g.mongodb.net:27017
2020-04-06 00:34:03.765  INFO 66462 --- [cluster-ClusterId{value='5e89ed2384e4aa03e1860027', description='null'}-fdm05-06-shard-00-02-t1f4g.mongodb.net:27017] org.mongodb.driver.connection            : Opened connection [connectionId{localValue:42, serverValue:76211}] to fdm05-06-shard-00-02-t1f4g.mongodb.net:27017
2020-04-06 00:34:33.262  INFO 66462 --- [cluster-ClusterId{value='5e89ed2384e4aa03e1860027', description='null'}-fdm05-06-shard-00-00-t1f4g.mongodb.net:27017] org.mongodb.driver.connection            : Opened connection [connectionId{localValue:43, serverValue:17103}] to fdm05-06-shard-00-00-t1f4g.mongodb.net:27017
2020-04-06 00:34:33.664  INFO 66462 --- [cluster-ClusterId{value='5e89ed2384e4aa03e1860027', description='null'}-fdm05-06-shard-00-01-t1f4g.mongodb.net:27017] org.mongodb.driver.connection            : Opened connection [connectionId{localValue:44, serverValue:44129}] to fdm05-06-shard-00-01-t1f4g.mongodb.net:27017
2020-04-06 02:34:55.373  INFO 66462 --- [cluster-ClusterId{value='5e89ed2284e4aa03e1860026', description='null'}-fdm05-06-shard-00-01-t1f4g.mongodb.net:27017] org.mongodb.driver.connection            : Opened connection [connectionId{localValue:45, serverValue:51567}] to fdm05-06-shard-00-01-t1f4g.mongodb.net:27017
2020-04-06 02:34:56.304  INFO 66462 --- [cluster-ClusterId{value='5e89ed2284e4aa03e1860026', description='null'}-fdm05-06-shard-00-00-t1f4g.mongodb.net:27017] org.mongodb.driver.connection            : Opened connection [connectionId{localValue:47, serverValue:17103}] to fdm05-06-shard-00-00-t1f4g.mongodb.net:27017
2020-04-06 02:34:56.304  INFO 66462 --- [cluster-ClusterId{value='5e89ed2284e4aa03e1860026', description='null'}-fdm05-06-shard-00-02-t1f4g.mongodb.net:27017] org.mongodb.driver.connection            : Opened connection [connectionId{localValue:46, serverValue:76210}] to fdm05-06-shard-00-02-t1f4g.mongodb.net:27017
2020-04-06 02:35:01.469  INFO 66462 --- [cluster-ClusterId{value='5e89ed2384e4aa03e1860027', description='null'}-fdm05-06-shard-00-01-t1f4g.mongodb.net:27017] org.mongodb.driver.connection            : Opened connection [connectionId{localValue:48, serverValue:51567}] to fdm05-06-shard-00-01-t1f4g.mongodb.net:27017
2020-04-06 02:35:01.595  INFO 66462 --- [cluster-ClusterId{value='5e89ed2384e4aa03e1860027', description='null'}-fdm05-06-shard-00-02-t1f4g.mongodb.net:27017] org.mongodb.driver.connection            : Opened connection [connectionId{localValue:49, serverValue:81380}] to fdm05-06-shard-00-02-t1f4g.mongodb.net:27017
2020-04-06 02:35:31.420  INFO 66462 --- [cluster-ClusterId{value='5e89ed2384e4aa03e1860027', description='null'}-fdm05-06-shard-00-00-t1f4g.mongodb.net:27017] org.mongodb.driver.connection            : Opened connection [connectionId{localValue:50, serverValue:34840}] to fdm05-06-shard-00-00-t1f4g.mongodb.net:27017
2020-04-06 05:11:07.681  INFO 66462 --- [cluster-ClusterId{value='5e89ed2284e4aa03e1860026', description='null'}-fdm05-06-shard-00-01-t1f4g.mongodb.net:27017] org.mongodb.driver.connection            : Opened connection [connectionId{localValue:51, serverValue:41495}] to fdm05-06-shard-00-01-t1f4g.mongodb.net:27017
2020-04-06 05:11:07.984  INFO 66462 --- [cluster-ClusterId{value='5e89ed2284e4aa03e1860026', description='null'}-fdm05-06-shard-00-00-t1f4g.mongodb.net:27017] org.mongodb.driver.connection            : Opened connection [connectionId{localValue:52, serverValue:51031}] to fdm05-06-shard-00-00-t1f4g.mongodb.net:27017
2020-04-06 05:11:08.602  INFO 66462 --- [cluster-ClusterId{value='5e89ed2284e4aa03e1860026', description='null'}-fdm05-06-shard-00-02-t1f4g.mongodb.net:27017] org.mongodb.driver.connection            : Opened connection [connectionId{localValue:53, serverValue:89633}] to fdm05-06-shard-00-02-t1f4g.mongodb.net:27017
2020-04-06 05:11:12.723  INFO 66462 --- [cluster-ClusterId{value='5e89ed2384e4aa03e1860027', description='null'}-fdm05-06-shard-00-00-t1f4g.mongodb.net:27017] org.mongodb.driver.connection            : Opened connection [connectionId{localValue:54, serverValue:34840}] to fdm05-06-shard-00-00-t1f4g.mongodb.net:27017
2020-04-06 05:11:12.749  INFO 66462 --- [cluster-ClusterId{value='5e89ed2384e4aa03e1860027', description='null'}-fdm05-06-shard-00-01-t1f4g.mongodb.net:27017] org.mongodb.driver.connection            : Opened connection [connectionId{localValue:56, serverValue:53274}] to fdm05-06-shard-00-01-t1f4g.mongodb.net:27017
2020-04-06 05:11:12.754  INFO 66462 --- [cluster-ClusterId{value='5e89ed2384e4aa03e1860027', description='null'}-fdm05-06-shard-00-02-t1f4g.mongodb.net:27017] org.mongodb.driver.connection            : Opened connection [connectionId{localValue:55, serverValue:81386}] to fdm05-06-shard-00-02-t1f4g.mongodb.net:27017
2020-04-06 07:24:07.358  INFO 66462 --- [cluster-ClusterId{value='5e89ed2284e4aa03e1860026', description='null'}-fdm05-06-shard-00-01-t1f4g.mongodb.net:27017] org.mongodb.driver.connection            : Opened connection [connectionId{localValue:57, serverValue:53273}] to fdm05-06-shard-00-01-t1f4g.mongodb.net:27017
2020-04-06 07:24:07.671  INFO 66462 --- [cluster-ClusterId{value='5e89ed2284e4aa03e1860026', description='null'}-fdm05-06-shard-00-00-t1f4g.mongodb.net:27017] org.mongodb.driver.connection            : Opened connection [connectionId{localValue:58, serverValue:53911}] to fdm05-06-shard-00-00-t1f4g.mongodb.net:27017
2020-04-06 07:24:08.280  INFO 66462 --- [cluster-ClusterId{value='5e89ed2284e4aa03e1860026', description='null'}-fdm05-06-shard-00-02-t1f4g.mongodb.net:27017] org.mongodb.driver.connection            : Opened connection [connectionId{localValue:59, serverValue:81380}] to fdm05-06-shard-00-02-t1f4g.mongodb.net:27017
2020-04-06 07:24:10.082  INFO 66462 --- [cluster-ClusterId{value='5e89ed2384e4aa03e1860027', description='null'}-fdm05-06-shard-00-00-t1f4g.mongodb.net:27017] org.mongodb.driver.connection            : Opened connection [connectionId{localValue:61, serverValue:51031}] to fdm05-06-shard-00-00-t1f4g.mongodb.net:27017
2020-04-06 07:24:10.087  INFO 66462 --- [cluster-ClusterId{value='5e89ed2384e4aa03e1860027', description='null'}-fdm05-06-shard-00-01-t1f4g.mongodb.net:27017] org.mongodb.driver.connection            : Opened connection [connectionId{localValue:60, serverValue:41495}] to fdm05-06-shard-00-01-t1f4g.mongodb.net:27017
2020-04-06 07:24:10.154  INFO 66462 --- [cluster-ClusterId{value='5e89ed2384e4aa03e1860027', description='null'}-fdm05-06-shard-00-02-t1f4g.mongodb.net:27017] org.mongodb.driver.connection            : Opened connection [connectionId{localValue:62, serverValue:85147}] to fdm05-06-shard-00-02-t1f4g.mongodb.net:27017
2020-04-06 08:08:14.747  INFO 66462 --- [cluster-ClusterId{value='5e89ed2284e4aa03e1860026', description='null'}-fdm05-06-shard-00-02-t1f4g.mongodb.net:27017] org.mongodb.driver.connection            : Opened connection [connectionId{localValue:64, serverValue:93950}] to fdm05-06-shard-00-02-t1f4g.mongodb.net:27017
2020-04-06 08:08:14.763  INFO 66462 --- [cluster-ClusterId{value='5e89ed2284e4aa03e1860026', description='null'}-fdm05-06-shard-00-00-t1f4g.mongodb.net:27017] org.mongodb.driver.connection            : Opened connection [connectionId{localValue:63, serverValue:53911}] to fdm05-06-shard-00-00-t1f4g.mongodb.net:27017
2020-04-06 08:08:14.769  INFO 66462 --- [cluster-ClusterId{value='5e89ed2284e4aa03e1860026', description='null'}-fdm05-06-shard-00-01-t1f4g.mongodb.net:27017] org.mongodb.driver.connection            : Opened connection [connectionId{localValue:65, serverValue:41495}] to fdm05-06-shard-00-01-t1f4g.mongodb.net:27017
2020-04-06 08:08:24.196  INFO 66462 --- [cluster-ClusterId{value='5e89ed2384e4aa03e1860027', description='null'}-fdm05-06-shard-00-00-t1f4g.mongodb.net:27017] org.mongodb.driver.connection            : Opened connection [connectionId{localValue:66, serverValue:34840}] to fdm05-06-shard-00-00-t1f4g.mongodb.net:27017
2020-04-06 08:08:24.218  INFO 66462 --- [cluster-ClusterId{value='5e89ed2384e4aa03e1860027', description='null'}-fdm05-06-shard-00-02-t1f4g.mongodb.net:27017] org.mongodb.driver.connection            : Opened connection [connectionId{localValue:67, serverValue:85147}] to fdm05-06-shard-00-02-t1f4g.mongodb.net:27017
2020-04-06 08:08:24.249  INFO 66462 --- [cluster-ClusterId{value='5e89ed2384e4aa03e1860027', description='null'}-fdm05-06-shard-00-01-t1f4g.mongodb.net:27017] org.mongodb.driver.connection            : Opened connection [connectionId{localValue:68, serverValue:41495}] to fdm05-06-shard-00-01-t1f4g.mongodb.net:27017
2020-04-06 08:40:25.633  INFO 66462 --- [cluster-ClusterId{value='5e89ed2284e4aa03e1860026', description='null'}-fdm05-06-shard-00-00-t1f4g.mongodb.net:27017] org.mongodb.driver.connection            : Opened connection [connectionId{localValue:71, serverValue:34840}] to fdm05-06-shard-00-00-t1f4g.mongodb.net:27017
2020-04-06 08:40:25.636  INFO 66462 --- [cluster-ClusterId{value='5e89ed2284e4aa03e1860026', description='null'}-fdm05-06-shard-00-01-t1f4g.mongodb.net:27017] org.mongodb.driver.connection            : Opened connection [connectionId{localValue:69, serverValue:41495}] to fdm05-06-shard-00-01-t1f4g.mongodb.net:27017
2020-04-06 08:40:25.640  INFO 66462 --- [cluster-ClusterId{value='5e89ed2284e4aa03e1860026', description='null'}-fdm05-06-shard-00-02-t1f4g.mongodb.net:27017] org.mongodb.driver.connection            : Opened connection [connectionId{localValue:70, serverValue:85147}] to fdm05-06-shard-00-02-t1f4g.mongodb.net:27017
2020-04-06 08:40:44.316  INFO 66462 --- [cluster-ClusterId{value='5e89ed2384e4aa03e1860027', description='null'}-fdm05-06-shard-00-01-t1f4g.mongodb.net:27017] org.mongodb.driver.connection            : Opened connection [connectionId{localValue:72, serverValue:41495}] to fdm05-06-shard-00-01-t1f4g.mongodb.net:27017
2020-04-06 08:40:55.119  INFO 66462 --- [cluster-ClusterId{value='5e89ed2384e4aa03e1860027', description='null'}-fdm05-06-shard-00-00-t1f4g.mongodb.net:27017] org.mongodb.driver.connection            : Opened connection [connectionId{localValue:73, serverValue:34840}] to fdm05-06-shard-00-00-t1f4g.mongodb.net:27017
2020-04-06 08:40:55.121  INFO 66462 --- [cluster-ClusterId{value='5e89ed2384e4aa03e1860027', description='null'}-fdm05-06-shard-00-02-t1f4g.mongodb.net:27017] org.mongodb.driver.connection            : Opened connection [connectionId{localValue:74, serverValue:85147}] to fdm05-06-shard-00-02-t1f4g.mongodb.net:27017
2020-04-06 09:12:33.525  INFO 66462 --- [cluster-ClusterId{value='5e89ed2284e4aa03e1860026', description='null'}-fdm05-06-shard-00-00-t1f4g.mongodb.net:27017] org.mongodb.driver.connection            : Opened connection [connectionId{localValue:76, serverValue:51031}] to fdm05-06-shard-00-00-t1f4g.mongodb.net:27017
2020-04-06 09:12:33.526  INFO 66462 --- [cluster-ClusterId{value='5e89ed2284e4aa03e1860026', description='null'}-fdm05-06-shard-00-02-t1f4g.mongodb.net:27017] org.mongodb.driver.connection            : Opened connection [connectionId{localValue:77, serverValue:63677}] to fdm05-06-shard-00-02-t1f4g.mongodb.net:27017
2020-04-06 09:12:33.526  INFO 66462 --- [cluster-ClusterId{value='5e89ed2284e4aa03e1860026', description='null'}-fdm05-06-shard-00-01-t1f4g.mongodb.net:27017] org.mongodb.driver.connection            : Opened connection [connectionId{localValue:75, serverValue:41495}] to fdm05-06-shard-00-01-t1f4g.mongodb.net:27017
2020-04-06 09:13:01.863  INFO 66462 --- [cluster-ClusterId{value='5e89ed2384e4aa03e1860027', description='null'}-fdm05-06-shard-00-01-t1f4g.mongodb.net:27017] org.mongodb.driver.connection            : Opened connection [connectionId{localValue:78, serverValue:41495}] to fdm05-06-shard-00-01-t1f4g.mongodb.net:27017
2020-04-06 09:13:02.479  INFO 66462 --- [cluster-ClusterId{value='5e89ed2384e4aa03e1860027', description='null'}-fdm05-06-shard-00-00-t1f4g.mongodb.net:27017] org.mongodb.driver.connection            : Opened connection [connectionId{localValue:79, serverValue:34840}] to fdm05-06-shard-00-00-t1f4g.mongodb.net:27017
2020-04-06 09:13:02.479  INFO 66462 --- [cluster-ClusterId{value='5e89ed2384e4aa03e1860027', description='null'}-fdm05-06-shard-00-02-t1f4g.mongodb.net:27017] org.mongodb.driver.connection            : Opened connection [connectionId{localValue:80, serverValue:89839}] to fdm05-06-shard-00-02-t1f4g.mongodb.net:27017
2020-04-06 09:52:46.499  INFO 66462 --- [cluster-ClusterId{value='5e89ed2284e4aa03e1860026', description='null'}-fdm05-06-shard-00-00-t1f4g.mongodb.net:27017] org.mongodb.driver.connection            : Opened connection [connectionId{localValue:81, serverValue:34840}] to fdm05-06-shard-00-00-t1f4g.mongodb.net:27017
2020-04-06 09:52:46.522  INFO 66462 --- [cluster-ClusterId{value='5e89ed2284e4aa03e1860026', description='null'}-fdm05-06-shard-00-01-t1f4g.mongodb.net:27017] org.mongodb.driver.connection            : Opened connection [connectionId{localValue:82, serverValue:41495}] to fdm05-06-shard-00-01-t1f4g.mongodb.net:27017
2020-04-06 09:52:46.523  INFO 66462 --- [cluster-ClusterId{value='5e89ed2284e4aa03e1860026', description='null'}-fdm05-06-shard-00-02-t1f4g.mongodb.net:27017] org.mongodb.driver.connection            : Opened connection [connectionId{localValue:83, serverValue:76210}] to fdm05-06-shard-00-02-t1f4g.mongodb.net:27017
2020-04-06 09:52:53.124  INFO 66462 --- [cluster-ClusterId{value='5e89ed2384e4aa03e1860027', description='null'}-fdm05-06-shard-00-01-t1f4g.mongodb.net:27017] org.mongodb.driver.connection            : Opened connection [connectionId{localValue:84, serverValue:41495}] to fdm05-06-shard-00-01-t1f4g.mongodb.net:27017
2020-04-06 09:52:53.163  INFO 66462 --- [cluster-ClusterId{value='5e89ed2384e4aa03e1860027', description='null'}-fdm05-06-shard-00-02-t1f4g.mongodb.net:27017] org.mongodb.driver.connection            : Opened connection [connectionId{localValue:85, serverValue:81386}] to fdm05-06-shard-00-02-t1f4g.mongodb.net:27017
2020-04-06 09:52:53.164  INFO 66462 --- [cluster-ClusterId{value='5e89ed2384e4aa03e1860027', description='null'}-fdm05-06-shard-00-00-t1f4g.mongodb.net:27017] org.mongodb.driver.connection            : Opened connection [connectionId{localValue:86, serverValue:34840}] to fdm05-06-shard-00-00-t1f4g.mongodb.net:27017
2020-04-06 10:27:12.493  INFO 66462 --- [reactor-http-nio-4] org.mongodb.driver.connection            : Closed connection [connectionId{localValue:11, serverValue:49020}] to fdm05-06-shard-00-02-t1f4g.mongodb.net:27017 because there was a socket exception raised on another connection from this pool.
2020-04-06 10:27:12.496  INFO 66462 --- [reactor-http-nio-4] org.mongodb.driver.connection            : Closed connection [connectionId{localValue:9, serverValue:49020}] to fdm05-06-shard-00-02-t1f4g.mongodb.net:27017 because there was a socket exception raised on another connection from this pool.
2020-04-06 10:27:12.496  INFO 66462 --- [reactor-http-nio-4] org.mongodb.driver.connection            : Closed connection [connectionId{localValue:13, serverValue:49020}] to fdm05-06-shard-00-02-t1f4g.mongodb.net:27017 because there was a socket exception raised on another connection from this pool.
2020-04-06 10:27:12.496  INFO 66462 --- [reactor-http-nio-4] org.mongodb.driver.connection            : Closed connection [connectionId{localValue:12, serverValue:49020}] to fdm05-06-shard-00-02-t1f4g.mongodb.net:27017 because there was a socket exception raised on another connection from this pool.
2020-04-06 10:27:12.496  INFO 66462 --- [reactor-http-nio-4] org.mongodb.driver.connection            : Closed connection [connectionId{localValue:14, serverValue:59540}] to fdm05-06-shard-00-02-t1f4g.mongodb.net:27017 because there was a socket exception raised on another connection from this pool.
2020-04-06 10:27:12.496  INFO 66462 --- [reactor-http-nio-4] org.mongodb.driver.connection            : Closed connection [connectionId{localValue:8, serverValue:59540}] to fdm05-06-shard-00-02-t1f4g.mongodb.net:27017 because there was a socket exception raised on another connection from this pool.
2020-04-06 10:27:12.496  INFO 66462 --- [reactor-http-nio-4] org.mongodb.driver.connection            : Closed connection [connectionId{localValue:10, serverValue:59540}] to fdm05-06-shard-00-02-t1f4g.mongodb.net:27017 because there was a socket exception raised on another connection from this pool.
2020-04-06 10:27:12.497  INFO 66462 --- [reactor-http-nio-4] org.mongodb.driver.connection            : Closed connection [connectionId{localValue:7, serverValue:59540}] to fdm05-06-shard-00-02-t1f4g.mongodb.net:27017 because there was a socket exception raised on another connection from this pool.
2020-04-06 10:27:12.674  INFO 66462 --- [nioEventLoopGroup-2-16] org.mongodb.driver.connection            : Opened connection [connectionId{localValue:87, serverValue:81380}] to fdm05-06-shard-00-02-t1f4g.mongodb.net:27017
2020-04-06 10:27:12.745 ERROR 66462 --- [password-encoder-5] a.w.r.e.AbstractErrorWebExceptionHandler : [53ed5d55]  500 Server Error for HTTP POST "/login"

java.lang.IllegalStateException: org.springframework.security.core.userdetails.UsernameNotFoundException: aa
	at com.fdm0506.stocky.userservicev2.config.security.ReactiveUserDetailsServiceImpl$findByUsername$2.get(ReactiveUserDetailsServiceImpl.kt:25) ~[classes/:na]
	Suppressed: reactor.core.publisher.FluxOnAssembly$OnAssemblyException: 
Error has been observed at the following site(s):
	|_ checkpoint ⇢ org.springframework.security.web.server.authentication.AuthenticationWebFilter [DefaultWebFilterChain]
	|_ checkpoint ⇢ org.springframework.security.web.server.context.ReactorContextWebFilter [DefaultWebFilterChain]
	|_ checkpoint ⇢ org.springframework.web.cors.reactive.CorsWebFilter [DefaultWebFilterChain]
	|_ checkpoint ⇢ org.springframework.security.web.server.header.HttpHeaderWriterWebFilter [DefaultWebFilterChain]
	|_ checkpoint ⇢ org.springframework.security.config.web.server.ServerHttpSecurity$ServerWebExchangeReactorContextWebFilter [DefaultWebFilterChain]
	|_ checkpoint ⇢ org.springframework.security.web.server.WebFilterChainProxy [DefaultWebFilterChain]
	|_ checkpoint ⇢ HTTP POST "/login" [ExceptionHandlingWebHandler]
Stack trace:
		at com.fdm0506.stocky.userservicev2.config.security.ReactiveUserDetailsServiceImpl$findByUsername$2.get(ReactiveUserDetailsServiceImpl.kt:25) ~[classes/:na]
		at com.fdm0506.stocky.userservicev2.config.security.ReactiveUserDetailsServiceImpl$findByUsername$2.get(ReactiveUserDetailsServiceImpl.kt:14) ~[classes/:na]
		at reactor.core.publisher.MonoDefer.subscribe(MonoDefer.java:44) ~[reactor-core-3.3.2.RELEASE.jar:3.3.2.RELEASE]
		at reactor.core.publisher.Mono.subscribe(Mono.java:4105) ~[reactor-core-3.3.2.RELEASE.jar:3.3.2.RELEASE]
		at reactor.core.publisher.FluxSwitchIfEmpty$SwitchIfEmptySubscriber.onComplete(FluxSwitchIfEmpty.java:75) ~[reactor-core-3.3.2.RELEASE.jar:3.3.2.RELEASE]
		at reactor.core.publisher.FluxMapFuseable$MapFuseableSubscriber.onComplete(FluxMapFuseable.java:144) ~[reactor-core-3.3.2.RELEASE.jar:3.3.2.RELEASE]
		at reactor.core.publisher.MonoFlatMap$FlatMapMain.onNext(MonoFlatMap.java:141) ~[reactor-core-3.3.2.RELEASE.jar:3.3.2.RELEASE]
		at reactor.core.publisher.Operators$MonoSubscriber.complete(Operators.java:1637) ~[reactor-core-3.3.2.RELEASE.jar:3.3.2.RELEASE]
		at reactor.core.publisher.MonoCollectList$MonoCollectListSubscriber.onComplete(MonoCollectList.java:121) ~[reactor-core-3.3.2.RELEASE.jar:3.3.2.RELEASE]
		at reactor.core.publisher.Operators$MultiSubscriptionSubscriber.onComplete(Operators.java:1871) ~[reactor-core-3.3.2.RELEASE.jar:3.3.2.RELEASE]
		at reactor.core.publisher.MonoFlatMapMany$FlatMapManyInner.onComplete(MonoFlatMapMany.java:252) ~[reactor-core-3.3.2.RELEASE.jar:3.3.2.RELEASE]
		at reactor.core.publisher.FluxMap$MapSubscriber.onComplete(FluxMap.java:136) ~[reactor-core-3.3.2.RELEASE.jar:3.3.2.RELEASE]
		at com.mongodb.reactivestreams.client.internal.ObservableToPublisher$1.onComplete(ObservableToPublisher.java:76) ~[mongodb-driver-reactivestreams-1.12.0.jar:na]
		at com.mongodb.async.client.AbstractSubscription.onComplete(AbstractSubscription.java:154) ~[mongodb-driver-async-3.11.2.jar:na]
		at com.mongodb.async.client.AbstractSubscription.processResultsQueue(AbstractSubscription.java:225) ~[mongodb-driver-async-3.11.2.jar:na]
		at com.mongodb.async.client.AbstractSubscription.tryProcessResultsQueue(AbstractSubscription.java:172) ~[mongodb-driver-async-3.11.2.jar:na]
		at com.mongodb.async.client.MongoIterableSubscription$2.onResult(MongoIterableSubscription.java:105) ~[mongodb-driver-async-3.11.2.jar:na]
		at com.mongodb.async.client.MongoIterableSubscription$2.onResult(MongoIterableSubscription.java:89) ~[mongodb-driver-async-3.11.2.jar:na]
		at com.mongodb.operation.AsyncQueryBatchCursor.next(AsyncQueryBatchCursor.java:174) ~[mongodb-driver-core-3.11.2.jar:na]
		at com.mongodb.operation.AsyncQueryBatchCursor.next(AsyncQueryBatchCursor.java:118) ~[mongodb-driver-core-3.11.2.jar:na]
		at com.mongodb.async.client.MongoIterableSubscription.requestMoreData(MongoIterableSubscription.java:89) ~[mongodb-driver-async-3.11.2.jar:na]
		at com.mongodb.async.client.MongoIterableSubscription$1.onResult(MongoIterableSubscription.java:53) ~[mongodb-driver-async-3.11.2.jar:na]
		at com.mongodb.async.client.MongoIterableSubscription$1.onResult(MongoIterableSubscription.java:46) ~[mongodb-driver-async-3.11.2.jar:na]
		at com.mongodb.internal.async.ErrorHandlingResultCallback.onResult(ErrorHandlingResultCallback.java:49) ~[mongodb-driver-core-3.11.2.jar:na]
		at com.mongodb.async.client.OperationExecutorImpl$1$1$1.onResult(OperationExecutorImpl.java:94) ~[mongodb-driver-async-3.11.2.jar:na]
		at com.mongodb.internal.async.ErrorHandlingResultCallback.onResult(ErrorHandlingResultCallback.java:49) ~[mongodb-driver-core-3.11.2.jar:na]
		at com.mongodb.operation.FindOperation$3.onResult(FindOperation.java:827) ~[mongodb-driver-core-3.11.2.jar:na]
		at com.mongodb.operation.OperationHelper$ReferenceCountedReleasingWrappedCallback.onResult(OperationHelper.java:412) ~[mongodb-driver-core-3.11.2.jar:na]
		at com.mongodb.operation.CommandOperationHelper$10.onResult(CommandOperationHelper.java:481) ~[mongodb-driver-core-3.11.2.jar:na]
		at com.mongodb.internal.async.ErrorHandlingResultCallback.onResult(ErrorHandlingResultCallback.java:49) ~[mongodb-driver-core-3.11.2.jar:na]
		at com.mongodb.internal.connection.DefaultServer$DefaultServerProtocolExecutor$2.onResult(DefaultServer.java:245) ~[mongodb-driver-core-3.11.2.jar:na]
		at com.mongodb.internal.async.ErrorHandlingResultCallback.onResult(ErrorHandlingResultCallback.java:49) ~[mongodb-driver-core-3.11.2.jar:na]
		at com.mongodb.internal.connection.CommandProtocolImpl$1.onResult(CommandProtocolImpl.java:85) ~[mongodb-driver-core-3.11.2.jar:na]
		at com.mongodb.internal.connection.DefaultConnectionPool$PooledConnection$1.onResult(DefaultConnectionPool.java:467) ~[mongodb-driver-core-3.11.2.jar:na]
		at com.mongodb.internal.connection.UsageTrackingInternalConnection$2.onResult(UsageTrackingInternalConnection.java:111) ~[mongodb-driver-core-3.11.2.jar:na]
		at com.mongodb.internal.async.ErrorHandlingResultCallback.onResult(ErrorHandlingResultCallback.java:49) ~[mongodb-driver-core-3.11.2.jar:na]
		at com.mongodb.internal.connection.InternalStreamConnection$2$1.onResult(InternalStreamConnection.java:399) ~[mongodb-driver-core-3.11.2.jar:na]
		at com.mongodb.internal.connection.InternalStreamConnection$2$1.onResult(InternalStreamConnection.java:376) ~[mongodb-driver-core-3.11.2.jar:na]
		at com.mongodb.internal.connection.InternalStreamConnection$MessageHeaderCallback$MessageCallback.onResult(InternalStreamConnection.java:677) ~[mongodb-driver-core-3.11.2.jar:na]
		at com.mongodb.internal.connection.InternalStreamConnection$MessageHeaderCallback$MessageCallback.onResult(InternalStreamConnection.java:644) ~[mongodb-driver-core-3.11.2.jar:na]
		at com.mongodb.internal.connection.InternalStreamConnection$5.completed(InternalStreamConnection.java:514) ~[mongodb-driver-core-3.11.2.jar:na]
		at com.mongodb.internal.connection.InternalStreamConnection$5.completed(InternalStreamConnection.java:511) ~[mongodb-driver-core-3.11.2.jar:na]
		at com.mongodb.connection.netty.NettyStream.readAsync(NettyStream.java:233) ~[mongodb-driver-core-3.11.2.jar:na]
		at com.mongodb.internal.connection.InternalStreamConnection.readAsync(InternalStreamConnection.java:511) ~[mongodb-driver-core-3.11.2.jar:na]
		at com.mongodb.internal.connection.InternalStreamConnection.access$1000(InternalStreamConnection.java:76) ~[mongodb-driver-core-3.11.2.jar:na]
		at com.mongodb.internal.connection.InternalStreamConnection$MessageHeaderCallback.onResult(InternalStreamConnection.java:634) ~[mongodb-driver-core-3.11.2.jar:na]
		at com.mongodb.internal.connection.InternalStreamConnection$MessageHeaderCallback.onResult(InternalStreamConnection.java:619) ~[mongodb-driver-core-3.11.2.jar:na]
		at com.mongodb.internal.connection.InternalStreamConnection$5.completed(InternalStreamConnection.java:514) ~[mongodb-driver-core-3.11.2.jar:na]
		at com.mongodb.internal.connection.InternalStreamConnection$5.completed(InternalStreamConnection.java:511) ~[mongodb-driver-core-3.11.2.jar:na]
		at com.mongodb.connection.netty.NettyStream.readAsync(NettyStream.java:233) ~[mongodb-driver-core-3.11.2.jar:na]
		at com.mongodb.connection.netty.NettyStream.handleReadResponse(NettyStream.java:263) ~[mongodb-driver-core-3.11.2.jar:na]
		at com.mongodb.connection.netty.NettyStream.access$800(NettyStream.java:69) ~[mongodb-driver-core-3.11.2.jar:na]
		at com.mongodb.connection.netty.NettyStream$InboundBufferHandler.channelRead0(NettyStream.java:322) ~[mongodb-driver-core-3.11.2.jar:na]
		at com.mongodb.connection.netty.NettyStream$InboundBufferHandler.channelRead0(NettyStream.java:319) ~[mongodb-driver-core-3.11.2.jar:na]
		at io.netty.channel.SimpleChannelInboundHandler.channelRead(SimpleChannelInboundHandler.java:99) ~[netty-transport-4.1.45.Final.jar:4.1.45.Final]
		at io.netty.channel.AbstractChannelHandlerContext.invokeChannelRead(AbstractChannelHandlerContext.java:377) ~[netty-transport-4.1.45.Final.jar:4.1.45.Final]
		at io.netty.channel.AbstractChannelHandlerContext.invokeChannelRead(AbstractChannelHandlerContext.java:363) ~[netty-transport-4.1.45.Final.jar:4.1.45.Final]
		at io.netty.channel.AbstractChannelHandlerContext.fireChannelRead(AbstractChannelHandlerContext.java:355) ~[netty-transport-4.1.45.Final.jar:4.1.45.Final]
		at io.netty.handler.ssl.SslHandler.unwrap(SslHandler.java:1470) ~[netty-handler-4.1.45.Final.jar:4.1.45.Final]
		at io.netty.handler.ssl.SslHandler.decodeJdkCompatible(SslHandler.java:1219) ~[netty-handler-4.1.45.Final.jar:4.1.45.Final]
		at io.netty.handler.ssl.SslHandler.decode(SslHandler.java:1266) ~[netty-handler-4.1.45.Final.jar:4.1.45.Final]
		at io.netty.handler.codec.ByteToMessageDecoder.decodeRemovalReentryProtection(ByteToMessageDecoder.java:498) ~[netty-codec-4.1.45.Final.jar:4.1.45.Final]
		at io.netty.handler.codec.ByteToMessageDecoder.callDecode(ByteToMessageDecoder.java:437) ~[netty-codec-4.1.45.Final.jar:4.1.45.Final]
		at io.netty.handler.codec.ByteToMessageDecoder.channelRead(ByteToMessageDecoder.java:276) ~[netty-codec-4.1.45.Final.jar:4.1.45.Final]
		at io.netty.channel.AbstractChannelHandlerContext.invokeChannelRead(AbstractChannelHandlerContext.java:377) ~[netty-transport-4.1.45.Final.jar:4.1.45.Final]
		at io.netty.channel.AbstractChannelHandlerContext.invokeChannelRead(AbstractChannelHandlerContext.java:363) ~[netty-transport-4.1.45.Final.jar:4.1.45.Final]
		at io.netty.channel.AbstractChannelHandlerContext.fireChannelRead(AbstractChannelHandlerContext.java:355) ~[netty-transport-4.1.45.Final.jar:4.1.45.Final]
		at io.netty.channel.DefaultChannelPipeline$HeadContext.channelRead(DefaultChannelPipeline.java:1410) ~[netty-transport-4.1.45.Final.jar:4.1.45.Final]
		at io.netty.channel.AbstractChannelHandlerContext.invokeChannelRead(AbstractChannelHandlerContext.java:377) ~[netty-transport-4.1.45.Final.jar:4.1.45.Final]
		at io.netty.channel.AbstractChannelHandlerContext.invokeChannelRead(AbstractChannelHandlerContext.java:363) ~[netty-transport-4.1.45.Final.jar:4.1.45.Final]
		at io.netty.channel.DefaultChannelPipeline.fireChannelRead(DefaultChannelPipeline.java:919) ~[netty-transport-4.1.45.Final.jar:4.1.45.Final]
		at io.netty.channel.nio.AbstractNioByteChannel$NioByteUnsafe.read(AbstractNioByteChannel.java:163) ~[netty-transport-4.1.45.Final.jar:4.1.45.Final]
		at io.netty.channel.nio.NioEventLoop.processSelectedKey(NioEventLoop.java:714) ~[netty-transport-4.1.45.Final.jar:4.1.45.Final]
		at io.netty.channel.nio.NioEventLoop.processSelectedKeysOptimized(NioEventLoop.java:650) ~[netty-transport-4.1.45.Final.jar:4.1.45.Final]
		at io.netty.channel.nio.NioEventLoop.processSelectedKeys(NioEventLoop.java:576) ~[netty-transport-4.1.45.Final.jar:4.1.45.Final]
		at io.netty.channel.nio.NioEventLoop.run(NioEventLoop.java:493) ~[netty-transport-4.1.45.Final.jar:4.1.45.Final]
		at io.netty.util.concurrent.SingleThreadEventExecutor$4.run(SingleThreadEventExecutor.java:989) ~[netty-common-4.1.45.Final.jar:4.1.45.Final]
		at io.netty.util.internal.ThreadExecutorMap$2.run(ThreadExecutorMap.java:74) ~[netty-common-4.1.45.Final.jar:4.1.45.Final]
		at io.netty.util.concurrent.FastThreadLocalRunnable.run(FastThreadLocalRunnable.java:30) ~[netty-common-4.1.45.Final.jar:4.1.45.Final]
		at java.base/java.lang.Thread.run(Thread.java:830) ~[na:na]

2020-04-06 10:27:28.618 ERROR 66462 --- [password-encoder-6] a.w.r.e.AbstractErrorWebExceptionHandler : [53ed5d55]  500 Server Error for HTTP POST "/login"

java.lang.IllegalStateException: org.springframework.security.core.userdetails.UsernameNotFoundException: aa
	at com.fdm0506.stocky.userservicev2.config.security.ReactiveUserDetailsServiceImpl$findByUsername$2.get(ReactiveUserDetailsServiceImpl.kt:25) ~[classes/:na]
	Suppressed: reactor.core.publisher.FluxOnAssembly$OnAssemblyException: 
Error has been observed at the following site(s):
	|_ checkpoint ⇢ org.springframework.security.web.server.authentication.AuthenticationWebFilter [DefaultWebFilterChain]
	|_ checkpoint ⇢ org.springframework.security.web.server.context.ReactorContextWebFilter [DefaultWebFilterChain]
	|_ checkpoint ⇢ org.springframework.web.cors.reactive.CorsWebFilter [DefaultWebFilterChain]
	|_ checkpoint ⇢ org.springframework.security.web.server.header.HttpHeaderWriterWebFilter [DefaultWebFilterChain]
	|_ checkpoint ⇢ org.springframework.security.config.web.server.ServerHttpSecurity$ServerWebExchangeReactorContextWebFilter [DefaultWebFilterChain]
	|_ checkpoint ⇢ org.springframework.security.web.server.WebFilterChainProxy [DefaultWebFilterChain]
	|_ checkpoint ⇢ HTTP POST "/login" [ExceptionHandlingWebHandler]
Stack trace:
		at com.fdm0506.stocky.userservicev2.config.security.ReactiveUserDetailsServiceImpl$findByUsername$2.get(ReactiveUserDetailsServiceImpl.kt:25) ~[classes/:na]
		at com.fdm0506.stocky.userservicev2.config.security.ReactiveUserDetailsServiceImpl$findByUsername$2.get(ReactiveUserDetailsServiceImpl.kt:14) ~[classes/:na]
		at reactor.core.publisher.MonoDefer.subscribe(MonoDefer.java:44) ~[reactor-core-3.3.2.RELEASE.jar:3.3.2.RELEASE]
		at reactor.core.publisher.Mono.subscribe(Mono.java:4105) ~[reactor-core-3.3.2.RELEASE.jar:3.3.2.RELEASE]
		at reactor.core.publisher.FluxSwitchIfEmpty$SwitchIfEmptySubscriber.onComplete(FluxSwitchIfEmpty.java:75) ~[reactor-core-3.3.2.RELEASE.jar:3.3.2.RELEASE]
		at reactor.core.publisher.FluxMapFuseable$MapFuseableSubscriber.onComplete(FluxMapFuseable.java:144) ~[reactor-core-3.3.2.RELEASE.jar:3.3.2.RELEASE]
		at reactor.core.publisher.MonoFlatMap$FlatMapMain.onNext(MonoFlatMap.java:141) ~[reactor-core-3.3.2.RELEASE.jar:3.3.2.RELEASE]
		at reactor.core.publisher.Operators$MonoSubscriber.complete(Operators.java:1637) ~[reactor-core-3.3.2.RELEASE.jar:3.3.2.RELEASE]
		at reactor.core.publisher.MonoCollectList$MonoCollectListSubscriber.onComplete(MonoCollectList.java:121) ~[reactor-core-3.3.2.RELEASE.jar:3.3.2.RELEASE]
		at reactor.core.publisher.Operators$MultiSubscriptionSubscriber.onComplete(Operators.java:1871) ~[reactor-core-3.3.2.RELEASE.jar:3.3.2.RELEASE]
		at reactor.core.publisher.MonoFlatMapMany$FlatMapManyInner.onComplete(MonoFlatMapMany.java:252) ~[reactor-core-3.3.2.RELEASE.jar:3.3.2.RELEASE]
		at reactor.core.publisher.FluxMap$MapSubscriber.onComplete(FluxMap.java:136) ~[reactor-core-3.3.2.RELEASE.jar:3.3.2.RELEASE]
		at com.mongodb.reactivestreams.client.internal.ObservableToPublisher$1.onComplete(ObservableToPublisher.java:76) ~[mongodb-driver-reactivestreams-1.12.0.jar:na]
		at com.mongodb.async.client.AbstractSubscription.onComplete(AbstractSubscription.java:154) ~[mongodb-driver-async-3.11.2.jar:na]
		at com.mongodb.async.client.AbstractSubscription.processResultsQueue(AbstractSubscription.java:225) ~[mongodb-driver-async-3.11.2.jar:na]
		at com.mongodb.async.client.AbstractSubscription.tryProcessResultsQueue(AbstractSubscription.java:172) ~[mongodb-driver-async-3.11.2.jar:na]
		at com.mongodb.async.client.MongoIterableSubscription$2.onResult(MongoIterableSubscription.java:105) ~[mongodb-driver-async-3.11.2.jar:na]
		at com.mongodb.async.client.MongoIterableSubscription$2.onResult(MongoIterableSubscription.java:89) ~[mongodb-driver-async-3.11.2.jar:na]
		at com.mongodb.operation.AsyncQueryBatchCursor.next(AsyncQueryBatchCursor.java:174) ~[mongodb-driver-core-3.11.2.jar:na]
		at com.mongodb.operation.AsyncQueryBatchCursor.next(AsyncQueryBatchCursor.java:118) ~[mongodb-driver-core-3.11.2.jar:na]
		at com.mongodb.async.client.MongoIterableSubscription.requestMoreData(MongoIterableSubscription.java:89) ~[mongodb-driver-async-3.11.2.jar:na]
		at com.mongodb.async.client.MongoIterableSubscription$1.onResult(MongoIterableSubscription.java:53) ~[mongodb-driver-async-3.11.2.jar:na]
		at com.mongodb.async.client.MongoIterableSubscription$1.onResult(MongoIterableSubscription.java:46) ~[mongodb-driver-async-3.11.2.jar:na]
		at com.mongodb.internal.async.ErrorHandlingResultCallback.onResult(ErrorHandlingResultCallback.java:49) ~[mongodb-driver-core-3.11.2.jar:na]
		at com.mongodb.async.client.OperationExecutorImpl$1$1$1.onResult(OperationExecutorImpl.java:94) ~[mongodb-driver-async-3.11.2.jar:na]
		at com.mongodb.internal.async.ErrorHandlingResultCallback.onResult(ErrorHandlingResultCallback.java:49) ~[mongodb-driver-core-3.11.2.jar:na]
		at com.mongodb.operation.FindOperation$3.onResult(FindOperation.java:827) ~[mongodb-driver-core-3.11.2.jar:na]
		at com.mongodb.operation.OperationHelper$ReferenceCountedReleasingWrappedCallback.onResult(OperationHelper.java:412) ~[mongodb-driver-core-3.11.2.jar:na]
		at com.mongodb.operation.CommandOperationHelper$10.onResult(CommandOperationHelper.java:481) ~[mongodb-driver-core-3.11.2.jar:na]
		at com.mongodb.internal.async.ErrorHandlingResultCallback.onResult(ErrorHandlingResultCallback.java:49) ~[mongodb-driver-core-3.11.2.jar:na]
		at com.mongodb.internal.connection.DefaultServer$DefaultServerProtocolExecutor$2.onResult(DefaultServer.java:245) ~[mongodb-driver-core-3.11.2.jar:na]
		at com.mongodb.internal.async.ErrorHandlingResultCallback.onResult(ErrorHandlingResultCallback.java:49) ~[mongodb-driver-core-3.11.2.jar:na]
		at com.mongodb.internal.connection.CommandProtocolImpl$1.onResult(CommandProtocolImpl.java:85) ~[mongodb-driver-core-3.11.2.jar:na]
		at com.mongodb.internal.connection.DefaultConnectionPool$PooledConnection$1.onResult(DefaultConnectionPool.java:467) ~[mongodb-driver-core-3.11.2.jar:na]
		at com.mongodb.internal.connection.UsageTrackingInternalConnection$2.onResult(UsageTrackingInternalConnection.java:111) ~[mongodb-driver-core-3.11.2.jar:na]
		at com.mongodb.internal.async.ErrorHandlingResultCallback.onResult(ErrorHandlingResultCallback.java:49) ~[mongodb-driver-core-3.11.2.jar:na]
		at com.mongodb.internal.connection.InternalStreamConnection$2$1.onResult(InternalStreamConnection.java:399) ~[mongodb-driver-core-3.11.2.jar:na]
		at com.mongodb.internal.connection.InternalStreamConnection$2$1.onResult(InternalStreamConnection.java:376) ~[mongodb-driver-core-3.11.2.jar:na]
		at com.mongodb.internal.connection.InternalStreamConnection$MessageHeaderCallback$MessageCallback.onResult(InternalStreamConnection.java:677) ~[mongodb-driver-core-3.11.2.jar:na]
		at com.mongodb.internal.connection.InternalStreamConnection$MessageHeaderCallback$MessageCallback.onResult(InternalStreamConnection.java:644) ~[mongodb-driver-core-3.11.2.jar:na]
		at com.mongodb.internal.connection.InternalStreamConnection$5.completed(InternalStreamConnection.java:514) ~[mongodb-driver-core-3.11.2.jar:na]
		at com.mongodb.internal.connection.InternalStreamConnection$5.completed(InternalStreamConnection.java:511) ~[mongodb-driver-core-3.11.2.jar:na]
		at com.mongodb.connection.netty.NettyStream.readAsync(NettyStream.java:233) ~[mongodb-driver-core-3.11.2.jar:na]
		at com.mongodb.internal.connection.InternalStreamConnection.readAsync(InternalStreamConnection.java:511) ~[mongodb-driver-core-3.11.2.jar:na]
		at com.mongodb.internal.connection.InternalStreamConnection.access$1000(InternalStreamConnection.java:76) ~[mongodb-driver-core-3.11.2.jar:na]
		at com.mongodb.internal.connection.InternalStreamConnection$MessageHeaderCallback.onResult(InternalStreamConnection.java:634) ~[mongodb-driver-core-3.11.2.jar:na]
		at com.mongodb.internal.connection.InternalStreamConnection$MessageHeaderCallback.onResult(InternalStreamConnection.java:619) ~[mongodb-driver-core-3.11.2.jar:na]
		at com.mongodb.internal.connection.InternalStreamConnection$5.completed(InternalStreamConnection.java:514) ~[mongodb-driver-core-3.11.2.jar:na]
		at com.mongodb.internal.connection.InternalStreamConnection$5.completed(InternalStreamConnection.java:511) ~[mongodb-driver-core-3.11.2.jar:na]
		at com.mongodb.connection.netty.NettyStream.readAsync(NettyStream.java:233) ~[mongodb-driver-core-3.11.2.jar:na]
		at com.mongodb.connection.netty.NettyStream.handleReadResponse(NettyStream.java:263) ~[mongodb-driver-core-3.11.2.jar:na]
		at com.mongodb.connection.netty.NettyStream.access$800(NettyStream.java:69) ~[mongodb-driver-core-3.11.2.jar:na]
		at com.mongodb.connection.netty.NettyStream$InboundBufferHandler.channelRead0(NettyStream.java:322) ~[mongodb-driver-core-3.11.2.jar:na]
		at com.mongodb.connection.netty.NettyStream$InboundBufferHandler.channelRead0(NettyStream.java:319) ~[mongodb-driver-core-3.11.2.jar:na]
		at io.netty.channel.SimpleChannelInboundHandler.channelRead(SimpleChannelInboundHandler.java:99) ~[netty-transport-4.1.45.Final.jar:4.1.45.Final]
		at io.netty.channel.AbstractChannelHandlerContext.invokeChannelRead(AbstractChannelHandlerContext.java:377) ~[netty-transport-4.1.45.Final.jar:4.1.45.Final]
		at io.netty.channel.AbstractChannelHandlerContext.invokeChannelRead(AbstractChannelHandlerContext.java:363) ~[netty-transport-4.1.45.Final.jar:4.1.45.Final]
		at io.netty.channel.AbstractChannelHandlerContext.fireChannelRead(AbstractChannelHandlerContext.java:355) ~[netty-transport-4.1.45.Final.jar:4.1.45.Final]
		at io.netty.handler.ssl.SslHandler.unwrap(SslHandler.java:1470) ~[netty-handler-4.1.45.Final.jar:4.1.45.Final]
		at io.netty.handler.ssl.SslHandler.decodeJdkCompatible(SslHandler.java:1219) ~[netty-handler-4.1.45.Final.jar:4.1.45.Final]
		at io.netty.handler.ssl.SslHandler.decode(SslHandler.java:1266) ~[netty-handler-4.1.45.Final.jar:4.1.45.Final]
		at io.netty.handler.codec.ByteToMessageDecoder.decodeRemovalReentryProtection(ByteToMessageDecoder.java:498) ~[netty-codec-4.1.45.Final.jar:4.1.45.Final]
		at io.netty.handler.codec.ByteToMessageDecoder.callDecode(ByteToMessageDecoder.java:437) ~[netty-codec-4.1.45.Final.jar:4.1.45.Final]
		at io.netty.handler.codec.ByteToMessageDecoder.channelRead(ByteToMessageDecoder.java:276) ~[netty-codec-4.1.45.Final.jar:4.1.45.Final]
		at io.netty.channel.AbstractChannelHandlerContext.invokeChannelRead(AbstractChannelHandlerContext.java:377) ~[netty-transport-4.1.45.Final.jar:4.1.45.Final]
		at io.netty.channel.AbstractChannelHandlerContext.invokeChannelRead(AbstractChannelHandlerContext.java:363) ~[netty-transport-4.1.45.Final.jar:4.1.45.Final]
		at io.netty.channel.AbstractChannelHandlerContext.fireChannelRead(AbstractChannelHandlerContext.java:355) ~[netty-transport-4.1.45.Final.jar:4.1.45.Final]
		at io.netty.channel.DefaultChannelPipeline$HeadContext.channelRead(DefaultChannelPipeline.java:1410) ~[netty-transport-4.1.45.Final.jar:4.1.45.Final]
		at io.netty.channel.AbstractChannelHandlerContext.invokeChannelRead(AbstractChannelHandlerContext.java:377) ~[netty-transport-4.1.45.Final.jar:4.1.45.Final]
		at io.netty.channel.AbstractChannelHandlerContext.invokeChannelRead(AbstractChannelHandlerContext.java:363) ~[netty-transport-4.1.45.Final.jar:4.1.45.Final]
		at io.netty.channel.DefaultChannelPipeline.fireChannelRead(DefaultChannelPipeline.java:919) ~[netty-transport-4.1.45.Final.jar:4.1.45.Final]
		at io.netty.channel.nio.AbstractNioByteChannel$NioByteUnsafe.read(AbstractNioByteChannel.java:163) ~[netty-transport-4.1.45.Final.jar:4.1.45.Final]
		at io.netty.channel.nio.NioEventLoop.processSelectedKey(NioEventLoop.java:714) ~[netty-transport-4.1.45.Final.jar:4.1.45.Final]
		at io.netty.channel.nio.NioEventLoop.processSelectedKeysOptimized(NioEventLoop.java:650) ~[netty-transport-4.1.45.Final.jar:4.1.45.Final]
		at io.netty.channel.nio.NioEventLoop.processSelectedKeys(NioEventLoop.java:576) ~[netty-transport-4.1.45.Final.jar:4.1.45.Final]
		at io.netty.channel.nio.NioEventLoop.run(NioEventLoop.java:493) ~[netty-transport-4.1.45.Final.jar:4.1.45.Final]
		at io.netty.util.concurrent.SingleThreadEventExecutor$4.run(SingleThreadEventExecutor.java:989) ~[netty-common-4.1.45.Final.jar:4.1.45.Final]
		at io.netty.util.internal.ThreadExecutorMap$2.run(ThreadExecutorMap.java:74) ~[netty-common-4.1.45.Final.jar:4.1.45.Final]
		at io.netty.util.concurrent.FastThreadLocalRunnable.run(FastThreadLocalRunnable.java:30) ~[netty-common-4.1.45.Final.jar:4.1.45.Final]
		at java.base/java.lang.Thread.run(Thread.java:830) ~[na:na]

2020-04-06 10:34:39.347  INFO 66462 --- [reactor-http-nio-4] org.mongodb.driver.connection            : Opened connection [connectionId{localValue:88, serverValue:98760}] to fdm05-06-shard-00-02-t1f4g.mongodb.net:27017
2020-04-06 10:34:39.610  INFO 66462 --- [nioEventLoopGroup-2-16] c.f.s.u.a.p.CreateUserPersistenceAdaptor : new user created: User(_id=5e8af7af84e4aa03e1860028, name=James, username=Jamesy2W, password=$2a$10$l58D78MFJ9RCEkgsIeMo0.cAqUbKbTpZrjajRXQwBCgxYBhTWoxXW, email=ja.wizfield@live.co.uk, balance=500.00, enabled=false, timeStamp=2020-04-06T10:34:39.495259, roles=[Role(_id=5dd937401c9d440000fce615, role=MEMBER)])
2020-04-06 10:37:42.941  INFO 66462 --- [nioEventLoopGroup-2-16] c.f.s.u.a.p.CreateUserPersistenceAdaptor : new user created: User(_id=5e8af86684e4aa03e1860029, name=James2, username=Jamesy22W, password=$2a$10$vIkJNUw5K.EadGCrrtvbbei7AnFHJZyKgOdKvi21Ylv0lsvF2gmHi, email=ja2.wizfield@live.co.uk, balance=500.00, enabled=false, timeStamp=2020-04-06T10:37:42.907021, roles=[Role(_id=5dd937401c9d440000fce615, role=MEMBER)])
2020-04-06 10:59:20.972  INFO 66462 --- [nioEventLoopGroup-2-16] c.f.s.u.a.p.CreateUserPersistenceAdaptor : new user created: User(_id=5e8afd7884e4aa03e186002a, name=James2, username=Jamesy2a2W, password=$2a$10$RKnVcmMH48Mx6ZVpUQoo5uezvTkubnvFIWWzpVWME99mAsMqK41GW, email=jaa2.wizfield@live.co.uk, balance=500.00, enabled=false, timeStamp=2020-04-06T10:59:20.941080, roles=[Role(_id=5dd937401c9d440000fce615, role=MEMBER)])
2020-04-06 11:01:47.738  INFO 66462 --- [SpringContextShutdownHook] org.mongodb.driver.connection            : Closed connection [connectionId{localValue:88, serverValue:98760}] to fdm05-06-shard-00-02-t1f4g.mongodb.net:27017 because the pool has been closed.
2020-04-06 11:01:47.762  INFO 66462 --- [SpringContextShutdownHook] org.mongodb.driver.connection            : Closed connection [connectionId{localValue:87, serverValue:81380}] to fdm05-06-shard-00-02-t1f4g.mongodb.net:27017 because the pool has been closed.
2020-04-06 11:01:55.888  INFO 69555 --- [main] c.f.s.u.UserServiceV2ApplicationKt       : Starting UserServiceV2ApplicationKt on James-MBP with PID 69555 (/Users/James/projects/fdm0506/user-service-v2/target/classes started by user in /Users/James/projects/fdm0506/user-service-v2)
2020-04-06 11:01:55.891  INFO 69555 --- [main] c.f.s.u.UserServiceV2ApplicationKt       : No active profile set, falling back to default profiles: default
2020-04-06 11:01:56.551  INFO 69555 --- [main] .s.d.r.c.RepositoryConfigurationDelegate : Bootstrapping Spring Data Reactive MongoDB repositories in DEFAULT mode.
2020-04-06 11:01:56.623  INFO 69555 --- [main] .s.d.r.c.RepositoryConfigurationDelegate : Finished Spring Data repository scanning in 69ms. Found 2 Reactive MongoDB repository interfaces.
2020-04-06 11:01:56.628  INFO 69555 --- [main] .s.d.r.c.RepositoryConfigurationDelegate : Bootstrapping Spring Data MongoDB repositories in DEFAULT mode.
2020-04-06 11:01:56.647  INFO 69555 --- [main] .s.d.r.c.RepositoryConfigurationDelegate : Finished Spring Data repository scanning in 18ms. Found 1 MongoDB repository interfaces.
2020-04-06 11:01:57.057  INFO 69555 --- [main] org.mongodb.driver.cluster               : Cluster created with settings {hosts=[127.0.0.1:27017], srvHost=fdm05-06-t1f4g.mongodb.net, mode=MULTIPLE, requiredClusterType=REPLICA_SET, serverSelectionTimeout='30000 ms', maxWaitQueueSize=500, requiredReplicaSetName='FDM05-06-shard-0'}
2020-04-06 11:01:57.086  INFO 69555 --- [cluster-ClusterId{value='5e8afe15f090255e0505cd3b', description='null'}-srv-fdm05-06-t1f4g.mongodb.net] org.mongodb.driver.cluster               : Adding discovered server fdm05-06-shard-00-00-t1f4g.mongodb.net:27017 to client view of cluster
2020-04-06 11:01:57.107  INFO 69555 --- [cluster-ClusterId{value='5e8afe15f090255e0505cd3b', description='null'}-srv-fdm05-06-t1f4g.mongodb.net] org.mongodb.driver.cluster               : Adding discovered server fdm05-06-shard-00-01-t1f4g.mongodb.net:27017 to client view of cluster
2020-04-06 11:01:57.108  INFO 69555 --- [cluster-ClusterId{value='5e8afe15f090255e0505cd3b', description='null'}-srv-fdm05-06-t1f4g.mongodb.net] org.mongodb.driver.cluster               : Adding discovered server fdm05-06-shard-00-02-t1f4g.mongodb.net:27017 to client view of cluster
2020-04-06 11:01:57.202  INFO 69555 --- [main] org.mongodb.driver.cluster               : Cluster created with settings {hosts=[127.0.0.1:27017], srvHost=fdm05-06-t1f4g.mongodb.net, mode=MULTIPLE, requiredClusterType=REPLICA_SET, serverSelectionTimeout='30000 ms', maxWaitQueueSize=500, requiredReplicaSetName='FDM05-06-shard-0'}
2020-04-06 11:01:57.214  INFO 69555 --- [cluster-ClusterId{value='5e8afe15f090255e0505cd3c', description='null'}-srv-fdm05-06-t1f4g.mongodb.net] org.mongodb.driver.cluster               : Adding discovered server fdm05-06-shard-00-00-t1f4g.mongodb.net:27017 to client view of cluster
2020-04-06 11:01:57.216  INFO 69555 --- [cluster-ClusterId{value='5e8afe15f090255e0505cd3c', description='null'}-srv-fdm05-06-t1f4g.mongodb.net] org.mongodb.driver.cluster               : Adding discovered server fdm05-06-shard-00-01-t1f4g.mongodb.net:27017 to client view of cluster
2020-04-06 11:01:57.217  INFO 69555 --- [cluster-ClusterId{value='5e8afe15f090255e0505cd3c', description='null'}-srv-fdm05-06-t1f4g.mongodb.net] org.mongodb.driver.cluster               : Adding discovered server fdm05-06-shard-00-02-t1f4g.mongodb.net:27017 to client view of cluster
2020-04-06 11:01:57.532  INFO 69555 --- [cluster-ClusterId{value='5e8afe15f090255e0505cd3c', description='null'}-fdm05-06-shard-00-00-t1f4g.mongodb.net:27017] org.mongodb.driver.connection            : Opened connection [connectionId{localValue:4, serverValue:34840}] to fdm05-06-shard-00-00-t1f4g.mongodb.net:27017
2020-04-06 11:01:57.532  INFO 69555 --- [cluster-ClusterId{value='5e8afe15f090255e0505cd3c', description='null'}-fdm05-06-shard-00-01-t1f4g.mongodb.net:27017] org.mongodb.driver.connection            : Opened connection [connectionId{localValue:5, serverValue:41495}] to fdm05-06-shard-00-01-t1f4g.mongodb.net:27017
2020-04-06 11:01:57.532  INFO 69555 --- [cluster-ClusterId{value='5e8afe15f090255e0505cd3c', description='null'}-fdm05-06-shard-00-02-t1f4g.mongodb.net:27017] org.mongodb.driver.connection            : Opened connection [connectionId{localValue:6, serverValue:94398}] to fdm05-06-shard-00-02-t1f4g.mongodb.net:27017
2020-04-06 11:01:57.536  INFO 69555 --- [cluster-ClusterId{value='5e8afe15f090255e0505cd3b', description='null'}-fdm05-06-shard-00-00-t1f4g.mongodb.net:27017] org.mongodb.driver.connection            : Opened connection [connectionId{localValue:1, serverValue:34840}] to fdm05-06-shard-00-00-t1f4g.mongodb.net:27017
2020-04-06 11:01:57.536  INFO 69555 --- [cluster-ClusterId{value='5e8afe15f090255e0505cd3b', description='null'}-fdm05-06-shard-00-01-t1f4g.mongodb.net:27017] org.mongodb.driver.connection            : Opened connection [connectionId{localValue:2, serverValue:41495}] to fdm05-06-shard-00-01-t1f4g.mongodb.net:27017
2020-04-06 11:01:57.537  INFO 69555 --- [cluster-ClusterId{value='5e8afe15f090255e0505cd3b', description='null'}-fdm05-06-shard-00-02-t1f4g.mongodb.net:27017] org.mongodb.driver.connection            : Opened connection [connectionId{localValue:3, serverValue:94398}] to fdm05-06-shard-00-02-t1f4g.mongodb.net:27017
2020-04-06 11:01:57.556  INFO 69555 --- [cluster-ClusterId{value='5e8afe15f090255e0505cd3c', description='null'}-fdm05-06-shard-00-00-t1f4g.mongodb.net:27017] org.mongodb.driver.cluster               : Monitor thread successfully connected to server with description ServerDescription{address=fdm05-06-shard-00-00-t1f4g.mongodb.net:27017, type=REPLICA_SET_SECONDARY, state=CONNECTED, ok=true, version=ServerVersion{versionList=[4, 2, 5]}, minWireVersion=0, maxWireVersion=8, maxDocumentSize=16777216, logicalSessionTimeoutMinutes=30, roundTripTimeNanos=22011208, setName='FDM05-06-shard-0', canonicalAddress=fdm05-06-shard-00-00-t1f4g.mongodb.net:27017, hosts=[fdm05-06-shard-00-02-t1f4g.mongodb.net:27017, fdm05-06-shard-00-01-t1f4g.mongodb.net:27017, fdm05-06-shard-00-00-t1f4g.mongodb.net:27017], passives=[], arbiters=[], primary='fdm05-06-shard-00-02-t1f4g.mongodb.net:27017', tagSet=TagSet{[Tag{name='nodeType', value='ELECTABLE'}, Tag{name='provider', value='AWS'}, Tag{name='region', value='EU_WEST_1'}]}, electionId=null, setVersion=3, lastWriteDate=Mon Apr 06 11:01:46 BST 2020, lastUpdateTimeNanos=345139678931262}
2020-04-06 11:01:57.556  INFO 69555 --- [cluster-ClusterId{value='5e8afe15f090255e0505cd3c', description='null'}-fdm05-06-shard-00-02-t1f4g.mongodb.net:27017] org.mongodb.driver.cluster               : Monitor thread successfully connected to server with description ServerDescription{address=fdm05-06-shard-00-02-t1f4g.mongodb.net:27017, type=REPLICA_SET_PRIMARY, state=CONNECTED, ok=true, version=ServerVersion{versionList=[4, 2, 5]}, minWireVersion=0, maxWireVersion=8, maxDocumentSize=16777216, logicalSessionTimeoutMinutes=30, roundTripTimeNanos=23020673, setName='FDM05-06-shard-0', canonicalAddress=fdm05-06-shard-00-02-t1f4g.mongodb.net:27017, hosts=[fdm05-06-shard-00-02-t1f4g.mongodb.net:27017, fdm05-06-shard-00-01-t1f4g.mongodb.net:27017, fdm05-06-shard-00-00-t1f4g.mongodb.net:27017], passives=[], arbiters=[], primary='fdm05-06-shard-00-02-t1f4g.mongodb.net:27017', tagSet=TagSet{[Tag{name='nodeType', value='ELECTABLE'}, Tag{name='provider', value='AWS'}, Tag{name='region', value='EU_WEST_1'}]}, electionId=7fffffff000000000000000f, setVersion=3, lastWriteDate=Mon Apr 06 11:01:46 BST 2020, lastUpdateTimeNanos=345139679733323}
2020-04-06 11:01:57.556  INFO 69555 --- [cluster-ClusterId{value='5e8afe15f090255e0505cd3c', description='null'}-fdm05-06-shard-00-01-t1f4g.mongodb.net:27017] org.mongodb.driver.cluster               : Monitor thread successfully connected to server with description ServerDescription{address=fdm05-06-shard-00-01-t1f4g.mongodb.net:27017, type=REPLICA_SET_SECONDARY, state=CONNECTED, ok=true, version=ServerVersion{versionList=[4, 2, 5]}, minWireVersion=0, maxWireVersion=8, maxDocumentSize=16777216, logicalSessionTimeoutMinutes=30, roundTripTimeNanos=23029481, setName='FDM05-06-shard-0', canonicalAddress=fdm05-06-shard-00-01-t1f4g.mongodb.net:27017, hosts=[fdm05-06-shard-00-02-t1f4g.mongodb.net:27017, fdm05-06-shard-00-01-t1f4g.mongodb.net:27017, fdm05-06-shard-00-00-t1f4g.mongodb.net:27017], passives=[], arbiters=[], primary='fdm05-06-shard-00-02-t1f4g.mongodb.net:27017', tagSet=TagSet{[Tag{name='nodeType', value='ELECTABLE'}, Tag{name='provider', value='AWS'}, Tag{name='region', value='EU_WEST_1'}]}, electionId=null, setVersion=3, lastWriteDate=Mon Apr 06 11:01:46 BST 2020, lastUpdateTimeNanos=345139679727578}
2020-04-06 11:01:57.557  INFO 69555 --- [cluster-ClusterId{value='5e8afe15f090255e0505cd3c', description='null'}-fdm05-06-shard-00-02-t1f4g.mongodb.net:27017] org.mongodb.driver.cluster               : Setting max election id to 7fffffff000000000000000f from replica set primary fdm05-06-shard-00-02-t1f4g.mongodb.net:27017
2020-04-06 11:01:57.557  INFO 69555 --- [cluster-ClusterId{value='5e8afe15f090255e0505cd3b', description='null'}-fdm05-06-shard-00-01-t1f4g.mongodb.net:27017] org.mongodb.driver.cluster               : Monitor thread successfully connected to server with description ServerDescription{address=fdm05-06-shard-00-01-t1f4g.mongodb.net:27017, type=REPLICA_SET_SECONDARY, state=CONNECTED, ok=true, version=ServerVersion{versionList=[4, 2, 5]}, minWireVersion=0, maxWireVersion=8, maxDocumentSize=16777216, logicalSessionTimeoutMinutes=30, roundTripTimeNanos=21230877, setName='FDM05-06-shard-0', canonicalAddress=fdm05-06-shard-00-01-t1f4g.mongodb.net:27017, hosts=[fdm05-06-shard-00-02-t1f4g.mongodb.net:27017, fdm05-06-shard-00-01-t1f4g.mongodb.net:27017, fdm05-06-shard-00-00-t1f4g.mongodb.net:27017], passives=[], arbiters=[], primary='fdm05-06-shard-00-02-t1f4g.mongodb.net:27017', tagSet=TagSet{[Tag{name='nodeType', value='ELECTABLE'}, Tag{name='provider', value='AWS'}, Tag{name='region', value='EU_WEST_1'}]}, electionId=null, setVersion=3, lastWriteDate=Mon Apr 06 11:01:46 BST 2020, lastUpdateTimeNanos=345139681393797}
2020-04-06 11:01:57.558  INFO 69555 --- [cluster-ClusterId{value='5e8afe15f090255e0505cd3c', description='null'}-fdm05-06-shard-00-02-t1f4g.mongodb.net:27017] org.mongodb.driver.cluster               : Setting max set version to 3 from replica set primary fdm05-06-shard-00-02-t1f4g.mongodb.net:27017
2020-04-06 11:01:57.558  INFO 69555 --- [cluster-ClusterId{value='5e8afe15f090255e0505cd3b', description='null'}-fdm05-06-shard-00-02-t1f4g.mongodb.net:27017] org.mongodb.driver.cluster               : Monitor thread successfully connected to server with description ServerDescription{address=fdm05-06-shard-00-02-t1f4g.mongodb.net:27017, type=REPLICA_SET_PRIMARY, state=CONNECTED, ok=true, version=ServerVersion{versionList=[4, 2, 5]}, minWireVersion=0, maxWireVersion=8, maxDocumentSize=16777216, logicalSessionTimeoutMinutes=30, roundTripTimeNanos=21133669, setName='FDM05-06-shard-0', canonicalAddress=fdm05-06-shard-00-02-t1f4g.mongodb.net:27017, hosts=[fdm05-06-shard-00-02-t1f4g.mongodb.net:27017, fdm05-06-shard-00-01-t1f4g.mongodb.net:27017, fdm05-06-shard-00-00-t1f4g.mongodb.net:27017], passives=[], arbiters=[], primary='fdm05-06-shard-00-02-t1f4g.mongodb.net:27017', tagSet=TagSet{[Tag{name='nodeType', value='ELECTABLE'}, Tag{name='provider', value='AWS'}, Tag{name='region', value='EU_WEST_1'}]}, electionId=7fffffff000000000000000f, setVersion=3, lastWriteDate=Mon Apr 06 11:01:46 BST 2020, lastUpdateTimeNanos=345139682263091}
2020-04-06 11:01:57.558  INFO 69555 --- [cluster-ClusterId{value='5e8afe15f090255e0505cd3c', description='null'}-fdm05-06-shard-00-02-t1f4g.mongodb.net:27017] org.mongodb.driver.cluster               : Discovered replica set primary fdm05-06-shard-00-02-t1f4g.mongodb.net:27017
2020-04-06 11:01:57.559  INFO 69555 --- [cluster-ClusterId{value='5e8afe15f090255e0505cd3b', description='null'}-fdm05-06-shard-00-02-t1f4g.mongodb.net:27017] org.mongodb.driver.cluster               : Setting max election id to 7fffffff000000000000000f from replica set primary fdm05-06-shard-00-02-t1f4g.mongodb.net:27017
2020-04-06 11:01:57.559  INFO 69555 --- [cluster-ClusterId{value='5e8afe15f090255e0505cd3b', description='null'}-fdm05-06-shard-00-02-t1f4g.mongodb.net:27017] org.mongodb.driver.cluster               : Setting max set version to 3 from replica set primary fdm05-06-shard-00-02-t1f4g.mongodb.net:27017
2020-04-06 11:01:57.559  INFO 69555 --- [cluster-ClusterId{value='5e8afe15f090255e0505cd3b', description='null'}-fdm05-06-shard-00-02-t1f4g.mongodb.net:27017] org.mongodb.driver.cluster               : Discovered replica set primary fdm05-06-shard-00-02-t1f4g.mongodb.net:27017
2020-04-06 11:01:57.561  INFO 69555 --- [cluster-ClusterId{value='5e8afe15f090255e0505cd3b', description='null'}-fdm05-06-shard-00-00-t1f4g.mongodb.net:27017] org.mongodb.driver.cluster               : Monitor thread successfully connected to server with description ServerDescription{address=fdm05-06-shard-00-00-t1f4g.mongodb.net:27017, type=REPLICA_SET_SECONDARY, state=CONNECTED, ok=true, version=ServerVersion{versionList=[4, 2, 5]}, minWireVersion=0, maxWireVersion=8, maxDocumentSize=16777216, logicalSessionTimeoutMinutes=30, roundTripTimeNanos=25062223, setName='FDM05-06-shard-0', canonicalAddress=fdm05-06-shard-00-00-t1f4g.mongodb.net:27017, hosts=[fdm05-06-shard-00-02-t1f4g.mongodb.net:27017, fdm05-06-shard-00-01-t1f4g.mongodb.net:27017, fdm05-06-shard-00-00-t1f4g.mongodb.net:27017], passives=[], arbiters=[], primary='fdm05-06-shard-00-02-t1f4g.mongodb.net:27017', tagSet=TagSet{[Tag{name='nodeType', value='ELECTABLE'}, Tag{name='provider', value='AWS'}, Tag{name='region', value='EU_WEST_1'}]}, electionId=null, setVersion=3, lastWriteDate=Mon Apr 06 11:01:46 BST 2020, lastUpdateTimeNanos=345139685200539}
2020-04-06 11:01:58.231  INFO 69555 --- [main] o.s.b.web.embedded.netty.NettyWebServer  : Netty started on port(s): 8088
2020-04-06 11:01:58.235  INFO 69555 --- [main] c.f.s.u.UserServiceV2ApplicationKt       : Started UserServiceV2ApplicationKt in 2.697 seconds (JVM running for 3.232)
